android-app/build/outputs/logs/manifest-merger-debug-report.txt
-- Merging decision tree log ---
manifest
ADDED from src\main\AndroidManifest.xml:2:1-32:12
INJECTED from src\main\AndroidManifest.xml:2:1-32:12
INJECTED from src\main\AndroidManifest.xml:2:1-32:12
INJECTED from src\main\AndroidManifest.xml:2:1-32:12
MERGED from [androidx.swiperefreshlayout:swiperefreshlayout:1.1.0] AndroidManifest.xml:17:1-24:12
MERGED from [androidx.hilt:hilt-navigation-compose:1.2.0] AndroidManifest.xml:2:1-7:12
MERGED from [androidx.hilt:hilt-navigation:1.2.0] AndroidManifest.xml:2:1-7:12
MERGED from [androidx.navigation:navigation-common:2.8.2] AndroidManifest.xml:17:1-22:12
MERGED from [androidx.navigation:navigation-runtime:2.8.2] AndroidManifest.xml:17:1-22:12
MERGED from [androidx.navigation:navigation-common-ktx:2.8.2] AndroidManifest.xml:2:1-7:12
MERGED from [androidx.navigation:navigation-runtime-ktx:2.8.2] AndroidManifest.xml:2:1-7:12
MERGED from [androidx.navigation:navigation-compose:2.8.2] AndroidManifest.xml:2:1-7:12
MERGED from [androidx.compose.material3:material3-android:1.3.0] AndroidManifest.xml:17:1-22:12
MERGED from [io.coil-kt:coil-compose:2.7.0] AndroidManifest.xml:2:1-7:12
MERGED from [io.coil-kt:coil-compose-base:2.7.0] AndroidManifest.xml:2:1-7:12
MERGED from [androidx.compose.material:material-android:1.7.4] AndroidManifest.xml:2:1-7:12
MERGED from [androidx.compose.animation:animation-core-android:1.7.4] AndroidManifest.xml:2:1-7:12
MERGED from [androidx.compose.material:material-ripple-android:1.7.4] AndroidManifest.xml:2:1-7:12
MERGED from [androidx.compose.animation:animation-android:1.7.4] AndroidManifest.xml:2:1-7:12
MERGED from [androidx.compose.foundation:foundation-layout-android:1.7.4] AndroidManifest.xml:2:1-7:12
MERGED from [androidx.compose.foundation:foundation-android:1.7.4] AndroidManifest.xml:2:1-7:12
MERGED from [androidx.compose.ui:ui-tooling-data-android:1.7.4] AndroidManifest.xml:2:1-7:12
MERGED from [androidx.compose.ui:ui-unit-android:1.7.4] AndroidManifest.xml:2:1-7:12
MERGED from [androidx.compose.ui:ui-geometry-android:1.7.4] AndroidManifest.xml:2:1-7:12
MERGED from [androidx.compose.ui:ui-util-android:1.7.4] AndroidManifest.xml:2:1-7:12
MERGED from [androidx.compose.ui:ui-text-android:1.7.4] AndroidManifest.xml:2:1-7:12
MERGED from [androidx.compose.ui:ui-tooling-preview-android:1.7.4] AndroidManifest.xml:17:1-22:12
MERGED from [androidx.compose.ui:ui-tooling-android:1.7.4] AndroidManifest.xml:17:1-28:12
MERGED from [androidx.compose.ui:ui-graphics-android:1.7.4] AndroidManifest.xml:2:1-7:12
MERGED from [androidx.compose.ui:ui-test-manifest:1.7.4] AndroidManifest.xml:17:1-28:12
MERGED from [com.google.dagger:hilt-android:2.49] AndroidManifest.xml:16:1-19:12
MERGED from [androidx.fragment:fragment:1.5.1] AndroidManifest.xml:17:1-24:12
MERGED from [androidx.activity:activity:1.9.2] AndroidManifest.xml:17:1-22:12
MERGED from [androidx.activity:activity-ktx:1.9.2] AndroidManifest.xml:2:1-7:12
MERGED from [androidx.activity:activity-compose:1.9.2] AndroidManifest.xml:2:1-7:12
MERGED from [io.coil-kt:coil:2.7.0] AndroidManifest.xml:2:1-7:12
MERGED from [io.coil-kt:coil-base:2.7.0] AndroidManifest.xml:2:1-7:12
MERGED from [io.github.jan-tennert.supabase:postgrest-kt-android-debug:2.6.0] AndroidManifest.xml:2:1-7:12
MERGED from [io.github.jan-tennert.supabase:storage-kt-android-debug:2.6.0] AndroidManifest.xml:2:1-20:12
MERGED from [io.github.jan-tennert.supabase:gotrue-kt-android-debug:2.6.0] AndroidManifest.xml:2:1-20:12
MERGED from [io.github.jan-tennert.supabase:supabase-kt-android-debug:2.6.0] AndroidManifest.xml:2:1-7:12
MERGED from [androidx.loader:loader:1.0.0] AndroidManifest.xml:17:1-22:12
MERGED from [androidx.lifecycle:lifecycle-livedata-core-ktx:2.8.6] AndroidManifest.xml:2:1-7:12
MERGED from [androidx.lifecycle:lifecycle-livedata:2.8.6] AndroidManifest.xml:17:1-22:12
MERGED from [androidx.lifecycle:lifecycle-runtime-compose-android:2.8.6] AndroidManifest.xml:2:1-7:12
MERGED from [androidx.emoji2:emoji2:1.3.0] AndroidManifest.xml:17:1-35:12
MERGED from [androidx.lifecycle:lifecycle-process:2.8.6] AndroidManifest.xml:17:1-35:12
MERGED from [androidx.lifecycle:lifecycle-livedata-core:2.8.6] AndroidManifest.xml:17:1-22:12
MERGED from [androidx.lifecycle:lifecycle-viewmodel:2.8.6] AndroidManifest.xml:2:1-5:12
MERGED from [androidx.lifecycle:lifecycle-viewmodel-android:2.8.6] AndroidManifest.xml:17:1-22:12
MERGED from [androidx.savedstate:savedstate-ktx:1.2.1] AndroidManifest.xml:17:1-22:12
MERGED from [androidx.savedstate:savedstate:1.2.1] AndroidManifest.xml:17:1-22:12
MERGED from [androidx.lifecycle:lifecycle-runtime-android:2.8.6] AndroidManifest.xml:17:1-22:12
MERGED from [androidx.lifecycle:lifecycle-viewmodel-ktx:2.8.6] AndroidManifest.xml:2:1-7:12
MERGED from [androidx.lifecycle:lifecycle-viewmodel-savedstate:2.8.6] AndroidManifest.xml:17:1-22:12
MERGED from [androidx.lifecycle:lifecycle-runtime-ktx-android:2.8.6] AndroidManifest.xml:2:1-7:12
MERGED from [androidx.lifecycle:lifecycle-viewmodel-compose-android:2.8.6] AndroidManifest.xml:2:1-7:12
MERGED from [com.google.accompanist:accompanist-drawablepainter:0.32.0] AndroidManifest.xml:17:1-23:12
MERGED from [androidx.compose.material:material-icons-extended-android:1.7.4] AndroidManifest.xml:2:1-7:12
MERGED from [androidx.compose.material:material-icons-core-android:1.7.4] AndroidManifest.xml:2:1-7:12
MERGED from [androidx.compose.ui:ui-android:1.7.4] AndroidManifest.xml:2:1-7:12
MERGED from [androidx.browser:browser:1.8.0] AndroidManifest.xml:2:1-7:12
MERGED from [androidx.autofill:autofill:1.0.0] AndroidManifest.xml:17:1-24:12
MERGED from [androidx.graphics:graphics-path:1.0.1] AndroidManifest.xml:2:1-7:12
MERGED from [androidx.appcompat:appcompat-resources:1.6.1] AndroidManifest.xml:17:1-22:12
MERGED from [androidx.viewpager:viewpager:1.0.0] AndroidManifest.xml:17:1-22:12
MERGED from [androidx.vectordrawable:vectordrawable-animated:1.1.0] AndroidManifest.xml:17:1-24:12
MERGED from [androidx.vectordrawable:vectordrawable:1.1.0] AndroidManifest.xml:17:1-24:12
MERGED from [androidx.customview:customview:1.0.0] AndroidManifest.xml:17:1-22:12
MERGED from [androidx.core:core:1.13.1] AndroidManifest.xml:17:1-30:12
MERGED from [androidx.customview:customview-poolingcontainer:1.0.0] AndroidManifest.xml:17:1-23:12
MERGED from [androidx.core:core-ktx:1.13.1] AndroidManifest.xml:2:1-7:12
MERGED from [androidx.room:room-runtime:2.6.1] AndroidManifest.xml:17:1-31:12
MERGED from [androidx.room:room-ktx:2.6.1] AndroidManifest.xml:17:1-22:12
MERGED from [androidx.datastore:datastore-core-android:1.1.1] AndroidManifest.xml:2:1-7:12
MERGED from [androidx.datastore:datastore-android:1.1.1] AndroidManifest.xml:17:1-22:12
MERGED from [androidx.datastore:datastore-preferences-android:1.1.1] AndroidManifest.xml:17:1-22:12
MERGED from [com.russhwolf:multiplatform-settings-coroutines-android-debug:1.1.1] AndroidManifest.xml:2:1-7:12
MERGED from [androidx.compose.runtime:runtime-saveable-android:1.7.4] AndroidManifest.xml:2:1-7:12
MERGED from [androidx.compose.runtime:runtime-android:1.7.4] AndroidManifest.xml:2:1-7:12
MERGED from [androidx.sqlite:sqlite-framework:2.4.0] AndroidManifest.xml:17:1-22:12
MERGED from [androidx.sqlite:sqlite:2.4.0] AndroidManifest.xml:17:1-22:12
MERGED from [androidx.annotation:annotation-experimental:1.4.1] AndroidManifest.xml:2:1-7:12
MERGED from [com.russhwolf:multiplatform-settings-no-arg-android-debug:1.1.1] AndroidManifest.xml:17:1-35:12
MERGED from [com.soywiz.korlibs.krypto:krypto-android:4.0.10] AndroidManifest.xml:2:1-9:12
MERGED from [androidx.versionedparcelable:versionedparcelable:1.1.1] AndroidManifest.xml:17:1-27:12
MERGED from [com.github.PhilJay:MPAndroidChart:v3.1.0] AndroidManifest.xml:2:1-20:12
MERGED from [androidx.arch.core:core-runtime:2.2.0] AndroidManifest.xml:17:1-22:12
MERGED from [androidx.interpolator:interpolator:1.0.0] AndroidManifest.xml:17:1-22:12
MERGED from [androidx.profileinstaller:profileinstaller:1.3.1] AndroidManifest.xml:17:1-55:12
MERGED from [androidx.startup:startup-runtime:1.1.1] AndroidManifest.xml:17:1-33:12
MERGED from [androidx.tracing:tracing:1.0.0] AndroidManifest.xml:17:1-24:12
MERGED from [androidx.exifinterface:exifinterface:1.3.7] AndroidManifest.xml:17:1-24:12
MERGED from [co.touchlab:kermit-android-debug:2.0.4] AndroidManifest.xml:2:1-7:12
MERGED from [com.russhwolf:multiplatform-settings-android-debug:1.1.1] AndroidManifest.xml:2:1-7:12
MERGED from [co.touchlab:kermit-core-android-debug:2.0.4] AndroidManifest.xml:2:1-7:12
MERGED from [com.google.dagger:dagger-lint-aar:2.49] AndroidManifest.xml:16:1-19:12
	package
		INJECTED from src\main\AndroidManifest.xml
	android:versionName
		INJECTED from src\main\AndroidManifest.xml
	xmlns:tools
		ADDED from src\main\AndroidManifest.xml:3:5-51
	android:versionCode
		INJECTED from src\main\AndroidManifest.xml
	xmlns:android
		ADDED from src\main\AndroidManifest.xml:2:11-69
uses-permission#android.permission.INTERNET
ADDED from src\main\AndroidManifest.xml:5:5-67
	android:name
		ADDED from src\main\AndroidManifest.xml:5:22-64
uses-permission#android.permission.ACCESS_NETWORK_STATE
ADDED from src\main\AndroidManifest.xml:6:5-79
	android:name
		ADDED from src\main\AndroidManifest.xml:6:22-76
application
ADDED from src\main\AndroidManifest.xml:8:5-30:19
INJECTED from src\main\AndroidManifest.xml:8:5-30:19
MERGED from [androidx.compose.ui:ui-tooling-android:1.7.4] AndroidManifest.xml:22:5-26:19
MERGED from [androidx.compose.ui:ui-tooling-android:1.7.4] AndroidManifest.xml:22:5-26:19
MERGED from [androidx.compose.ui:ui-test-manifest:1.7.4] AndroidManifest.xml:22:5-26:19
MERGED from [androidx.compose.ui:ui-test-manifest:1.7.4] AndroidManifest.xml:22:5-26:19
MERGED from [io.github.jan-tennert.supabase:storage-kt-android-debug:2.6.0] AndroidManifest.xml:8:5-18:19
MERGED from [io.github.jan-tennert.supabase:storage-kt-android-debug:2.6.0] AndroidManifest.xml:8:5-18:19
MERGED from [io.github.jan-tennert.supabase:gotrue-kt-android-debug:2.6.0] AndroidManifest.xml:8:5-18:19
MERGED from [io.github.jan-tennert.supabase:gotrue-kt-android-debug:2.6.0] AndroidManifest.xml:8:5-18:19
MERGED from [androidx.emoji2:emoji2:1.3.0] AndroidManifest.xml:23:5-33:19
MERGED from [androidx.emoji2:emoji2:1.3.0] AndroidManifest.xml:23:5-33:19
MERGED from [androidx.lifecycle:lifecycle-process:2.8.6] AndroidManifest.xml:23:5-33:19
MERGED from [androidx.lifecycle:lifecycle-process:2.8.6] AndroidManifest.xml:23:5-33:19
MERGED from [androidx.core:core:1.13.1] AndroidManifest.xml:28:5-89
MERGED from [androidx.core:core:1.13.1] AndroidManifest.xml:28:5-89
MERGED from [androidx.room:room-runtime:2.6.1] AndroidManifest.xml:23:5-29:19
MERGED from [androidx.room:room-runtime:2.6.1] AndroidManifest.xml:23:5-29:19
MERGED from [com.russhwolf:multiplatform-settings-no-arg-android-debug:1.1.1] AndroidManifest.xml:23:5-33:19
MERGED from [com.russhwolf:multiplatform-settings-no-arg-android-debug:1.1.1] AndroidManifest.xml:23:5-33:19
MERGED from [androidx.versionedparcelable:versionedparcelable:1.1.1] AndroidManifest.xml:24:5-25:19
MERGED from [androidx.versionedparcelable:versionedparcelable:1.1.1] AndroidManifest.xml:24:5-25:19
MERGED from [androidx.profileinstaller:profileinstaller:1.3.1] AndroidManifest.xml:23:5-53:19
MERGED from [androidx.profileinstaller:profileinstaller:1.3.1] AndroidManifest.xml:23:5-53:19
MERGED from [androidx.startup:startup-runtime:1.1.1] AndroidManifest.xml:25:5-31:19
MERGED from [androidx.startup:startup-runtime:1.1.1] AndroidManifest.xml:25:5-31:19
	android:extractNativeLibs
		INJECTED from src\main\AndroidManifest.xml
	android:appComponentFactory
		ADDED from [androidx.core:core:1.13.1] AndroidManifest.xml:28:18-86
	android:supportsRtl
		ADDED from src\main\AndroidManifest.xml:16:9-35
	android:label
		ADDED from src\main\AndroidManifest.xml:14:9-41
	android:fullBackupContent
		ADDED from src\main\AndroidManifest.xml:12:9-54
	android:roundIcon
		ADDED from src\main\AndroidManifest.xml:15:9-54
	tools:targetApi
		ADDED from src\main\AndroidManifest.xml:19:9-29
	android:icon
		ADDED from src\main\AndroidManifest.xml:13:9-43
	android:allowBackup
		ADDED from src\main\AndroidManifest.xml:10:9-35
	android:theme
		ADDED from src\main\AndroidManifest.xml:17:9-48
	android:networkSecurityConfig
		ADDED from src\main\AndroidManifest.xml:18:9-69
	android:dataExtractionRules
		ADDED from src\main\AndroidManifest.xml:11:9-65
	android:name
		ADDED from src\main\AndroidManifest.xml:9:9-46
activity#com.econopulse.app.MainActivity
ADDED from src\main\AndroidManifest.xml:21:9-29:20
	android:exported
		ADDED from src\main\AndroidManifest.xml:23:13-36
	android:theme
		ADDED from src\main\AndroidManifest.xml:24:13-52
	android:name
		ADDED from src\main\AndroidManifest.xml:22:13-41
intent-filter#action:name:android.intent.action.MAIN+category:name:android.intent.category.LAUNCHER
ADDED from src\main\AndroidManifest.xml:25:13-28:29
action#android.intent.action.MAIN
ADDED from src\main\AndroidManifest.xml:26:17-69
	android:name
		ADDED from src\main\AndroidManifest.xml:26:25-66
category#android.intent.category.LAUNCHER
ADDED from src\main\AndroidManifest.xml:27:17-77
	android:name
		ADDED from src\main\AndroidManifest.xml:27:27-74
uses-sdk
INJECTED from src\main\AndroidManifest.xml reason: use-sdk injection requested
INJECTED from src\main\AndroidManifest.xml
INJECTED from src\main\AndroidManifest.xml
MERGED from [androidx.swiperefreshlayout:swiperefreshlayout:1.1.0] AndroidManifest.xml:20:5-22:41
MERGED from [androidx.swiperefreshlayout:swiperefreshlayout:1.1.0] AndroidManifest.xml:20:5-22:41
MERGED from [androidx.hilt:hilt-navigation-compose:1.2.0] AndroidManifest.xml:5:5-44
MERGED from [androidx.hilt:hilt-navigation-compose:1.2.0] AndroidManifest.xml:5:5-44
MERGED from [androidx.hilt:hilt-navigation:1.2.0] AndroidManifest.xml:5:5-44
MERGED from [androidx.hilt:hilt-navigation:1.2.0] AndroidManifest.xml:5:5-44
MERGED from [androidx.navigation:navigation-common:2.8.2] AndroidManifest.xml:20:5-44
MERGED from [androidx.navigation:navigation-common:2.8.2] AndroidManifest.xml:20:5-44
MERGED from [androidx.navigation:navigation-runtime:2.8.2] AndroidManifest.xml:20:5-44
MERGED from [androidx.navigation:navigation-runtime:2.8.2] AndroidManifest.xml:20:5-44
MERGED from [androidx.navigation:navigation-common-ktx:2.8.2] AndroidManifest.xml:5:5-44
MERGED from [androidx.navigation:navigation-common-ktx:2.8.2] AndroidManifest.xml:5:5-44
MERGED from [androidx.navigation:navigation-runtime-ktx:2.8.2] AndroidManifest.xml:5:5-44
MERGED from [androidx.navigation:navigation-runtime-ktx:2.8.2] AndroidManifest.xml:5:5-44
MERGED from [androidx.navigation:navigation-compose:2.8.2] AndroidManifest.xml:5:5-44
MERGED from [androidx.navigation:navigation-compose:2.8.2] AndroidManifest.xml:5:5-44
MERGED from [androidx.compose.material3:material3-android:1.3.0] AndroidManifest.xml:20:5-44
MERGED from [androidx.compose.material3:material3-android:1.3.0] AndroidManifest.xml:20:5-44
MERGED from [io.coil-kt:coil-compose:2.7.0] AndroidManifest.xml:5:5-44
MERGED from [io.coil-kt:coil-compose:2.7.0] AndroidManifest.xml:5:5-44
MERGED from [io.coil-kt:coil-compose-base:2.7.0] AndroidManifest.xml:5:5-44
MERGED from [io.coil-kt:coil-compose-base:2.7.0] AndroidManifest.xml:5:5-44
MERGED from [androidx.compose.material:material-android:1.7.4] AndroidManifest.xml:5:5-44
MERGED from [androidx.compose.material:material-android:1.7.4] AndroidManifest.xml:5:5-44
MERGED from [androidx.compose.animation:animation-core-android:1.7.4] AndroidManifest.xml:5:5-44
MERGED from [androidx.compose.animation:animation-core-android:1.7.4] AndroidManifest.xml:5:5-44
MERGED from [androidx.compose.material:material-ripple-android:1.7.4] AndroidManifest.xml:5:5-44
MERGED from [androidx.compose.material:material-ripple-android:1.7.4] AndroidManifest.xml:5:5-44
MERGED from [androidx.compose.animation:animation-android:1.7.4] AndroidManifest.xml:5:5-44
MERGED from [androidx.compose.animation:animation-android:1.7.4] AndroidManifest.xml:5:5-44
MERGED from [androidx.compose.foundation:foundation-layout-android:1.7.4] AndroidManifest.xml:5:5-44
MERGED from [androidx.compose.foundation:foundation-layout-android:1.7.4] AndroidManifest.xml:5:5-44
MERGED from [androidx.compose.foundation:foundation-android:1.7.4] AndroidManifest.xml:5:5-44
MERGED from [androidx.compose.foundation:foundation-android:1.7.4] AndroidManifest.xml:5:5-44
MERGED from [androidx.compose.ui:ui-tooling-data-android:1.7.4] AndroidManifest.xml:5:5-44
MERGED from [androidx.compose.ui:ui-tooling-data-android:1.7.4] AndroidManifest.xml:5:5-44
MERGED from [androidx.compose.ui:ui-unit-android:1.7.4] AndroidManifest.xml:5:5-44
MERGED from [androidx.compose.ui:ui-unit-android:1.7.4] AndroidManifest.xml:5:5-44
MERGED from [androidx.compose.ui:ui-geometry-android:1.7.4] AndroidManifest.xml:5:5-44
MERGED from [androidx.compose.ui:ui-geometry-android:1.7.4] AndroidManifest.xml:5:5-44
MERGED from [androidx.compose.ui:ui-util-android:1.7.4] AndroidManifest.xml:5:5-44
MERGED from [androidx.compose.ui:ui-util-android:1.7.4] AndroidManifest.xml:5:5-44
MERGED from [androidx.compose.ui:ui-text-android:1.7.4] AndroidManifest.xml:5:5-44
MERGED from [androidx.compose.ui:ui-text-android:1.7.4] AndroidManifest.xml:5:5-44
MERGED from [androidx.compose.ui:ui-tooling-preview-android:1.7.4] AndroidManifest.xml:20:5-44
MERGED from [androidx.compose.ui:ui-tooling-preview-android:1.7.4] AndroidManifest.xml:20:5-44
MERGED from [androidx.compose.ui:ui-tooling-android:1.7.4] AndroidManifest.xml:20:5-44
MERGED from [androidx.compose.ui:ui-tooling-android:1.7.4] AndroidManifest.xml:20:5-44
MERGED from [androidx.compose.ui:ui-graphics-android:1.7.4] AndroidManifest.xml:5:5-44
MERGED from [androidx.compose.ui:ui-graphics-android:1.7.4] AndroidManifest.xml:5:5-44
MERGED from [androidx.compose.ui:ui-test-manifest:1.7.4] AndroidManifest.xml:20:5-44
MERGED from [androidx.compose.ui:ui-test-manifest:1.7.4] AndroidManifest.xml:20:5-44
MERGED from [com.google.dagger:hilt-android:2.49] AndroidManifest.xml:18:3-42
MERGED from [com.google.dagger:hilt-android:2.49] AndroidManifest.xml:18:3-42
MERGED from [androidx.fragment:fragment:1.5.1] AndroidManifest.xml:20:5-22:41
MERGED from [androidx.fragment:fragment:1.5.1] AndroidManifest.xml:20:5-22:41
MERGED from [androidx.activity:activity:1.9.2] AndroidManifest.xml:20:5-44
MERGED from [androidx.activity:activity:1.9.2] AndroidManifest.xml:20:5-44
MERGED from [androidx.activity:activity-ktx:1.9.2] AndroidManifest.xml:5:5-44
MERGED from [androidx.activity:activity-ktx:1.9.2] AndroidManifest.xml:5:5-44
MERGED from [androidx.activity:activity-compose:1.9.2] AndroidManifest.xml:5:5-44
MERGED from [androidx.activity:activity-compose:1.9.2] AndroidManifest.xml:5:5-44
MERGED from [io.coil-kt:coil:2.7.0] AndroidManifest.xml:5:5-44
MERGED from [io.coil-kt:coil:2.7.0] AndroidManifest.xml:5:5-44
MERGED from [io.coil-kt:coil-base:2.7.0] AndroidManifest.xml:5:5-44
MERGED from [io.coil-kt:coil-base:2.7.0] AndroidManifest.xml:5:5-44
MERGED from [io.github.jan-tennert.supabase:postgrest-kt-android-debug:2.6.0] AndroidManifest.xml:5:5-44
MERGED from [io.github.jan-tennert.supabase:postgrest-kt-android-debug:2.6.0] AndroidManifest.xml:5:5-44
MERGED from [io.github.jan-tennert.supabase:storage-kt-android-debug:2.6.0] AndroidManifest.xml:6:5-44
MERGED from [io.github.jan-tennert.supabase:storage-kt-android-debug:2.6.0] AndroidManifest.xml:6:5-44
MERGED from [io.github.jan-tennert.supabase:gotrue-kt-android-debug:2.6.0] AndroidManifest.xml:6:5-44
MERGED from [io.github.jan-tennert.supabase:gotrue-kt-android-debug:2.6.0] AndroidManifest.xml:6:5-44
MERGED from [io.github.jan-tennert.supabase:supabase-kt-android-debug:2.6.0] AndroidManifest.xml:5:5-44
MERGED from [io.github.jan-tennert.supabase:supabase-kt-android-debug:2.6.0] AndroidManifest.xml:5:5-44
MERGED from [androidx.loader:loader:1.0.0] AndroidManifest.xml:20:5-44
MERGED from [androidx.loader:loader:1.0.0] AndroidManifest.xml:20:5-44
MERGED from [androidx.lifecycle:lifecycle-livedata-core-ktx:2.8.6] AndroidManifest.xml:5:5-44
MERGED from [androidx.lifecycle:lifecycle-livedata-core-ktx:2.8.6] AndroidManifest.xml:5:5-44
MERGED from [androidx.lifecycle:lifecycle-livedata:2.8.6] AndroidManifest.xml:20:5-44
MERGED from [androidx.lifecycle:lifecycle-livedata:2.8.6] AndroidManifest.xml:20:5-44
MERGED from [androidx.lifecycle:lifecycle-runtime-compose-android:2.8.6] AndroidManifest.xml:5:5-44
MERGED from [androidx.lifecycle:lifecycle-runtime-compose-android:2.8.6] AndroidManifest.xml:5:5-44
MERGED from [androidx.emoji2:emoji2:1.3.0] AndroidManifest.xml:21:5-44
MERGED from [androidx.emoji2:emoji2:1.3.0] AndroidManifest.xml:21:5-44
MERGED from [androidx.lifecycle:lifecycle-process:2.8.6] AndroidManifest.xml:21:5-44
MERGED from [androidx.lifecycle:lifecycle-process:2.8.6] AndroidManifest.xml:21:5-44
MERGED from [androidx.lifecycle:lifecycle-livedata-core:2.8.6] AndroidManifest.xml:20:5-44
MERGED from [androidx.lifecycle:lifecycle-livedata-core:2.8.6] AndroidManifest.xml:20:5-44
MERGED from [androidx.lifecycle:lifecycle-viewmodel:2.8.6] AndroidManifest.xml:4:5-43
MERGED from [androidx.lifecycle:lifecycle-viewmodel:2.8.6] AndroidManifest.xml:4:5-43
MERGED from [androidx.lifecycle:lifecycle-viewmodel-android:2.8.6] AndroidManifest.xml:20:5-44
MERGED from [androidx.lifecycle:lifecycle-viewmodel-android:2.8.6] AndroidManifest.xml:20:5-44
MERGED from [androidx.savedstate:savedstate-ktx:1.2.1] AndroidManifest.xml:20:5-44
MERGED from [androidx.savedstate:savedstate-ktx:1.2.1] AndroidManifest.xml:20:5-44
MERGED from [androidx.savedstate:savedstate:1.2.1] AndroidManifest.xml:20:5-44
MERGED from [androidx.savedstate:savedstate:1.2.1] AndroidManifest.xml:20:5-44
MERGED from [androidx.lifecycle:lifecycle-runtime-android:2.8.6] AndroidManifest.xml:20:5-44
MERGED from [androidx.lifecycle:lifecycle-runtime-android:2.8.6] AndroidManifest.xml:20:5-44
MERGED from [androidx.lifecycle:lifecycle-viewmodel-ktx:2.8.6] AndroidManifest.xml:5:5-44
MERGED from [androidx.lifecycle:lifecycle-viewmodel-ktx:2.8.6] AndroidManifest.xml:5:5-44
MERGED from [androidx.lifecycle:lifecycle-viewmodel-savedstate:2.8.6] AndroidManifest.xml:20:5-44
MERGED from [androidx.lifecycle:lifecycle-viewmodel-savedstate:2.8.6] AndroidManifest.xml:20:5-44
MERGED from [androidx.lifecycle:lifecycle-runtime-ktx-android:2.8.6] AndroidManifest.xml:5:5-44
MERGED from [androidx.lifecycle:lifecycle-runtime-ktx-android:2.8.6] AndroidManifest.xml:5:5-44
MERGED from [androidx.lifecycle:lifecycle-viewmodel-compose-android:2.8.6] AndroidManifest.xml:5:5-44
MERGED from [androidx.lifecycle:lifecycle-viewmodel-compose-android:2.8.6] AndroidManifest.xml:5:5-44
MERGED from [com.google.accompanist:accompanist-drawablepainter:0.32.0] AndroidManifest.xml:21:5-44
MERGED from [com.google.accompanist:accompanist-drawablepainter:0.32.0] AndroidManifest.xml:21:5-44
MERGED from [androidx.compose.material:material-icons-extended-android:1.7.4] AndroidManifest.xml:5:5-44
MERGED from [androidx.compose.material:material-icons-extended-android:1.7.4] AndroidManifest.xml:5:5-44
MERGED from [androidx.compose.material:material-icons-core-android:1.7.4] AndroidManifest.xml:5:5-44
MERGED from [androidx.compose.material:material-icons-core-android:1.7.4] AndroidManifest.xml:5:5-44
MERGED from [androidx.compose.ui:ui-android:1.7.4] AndroidManifest.xml:5:5-44
MERGED from [androidx.compose.ui:ui-android:1.7.4] AndroidManifest.xml:5:5-44
MERGED from [androidx.browser:browser:1.8.0] AndroidManifest.xml:5:5-44
MERGED from [androidx.browser:browser:1.8.0] AndroidManifest.xml:5:5-44
MERGED from [androidx.autofill:autofill:1.0.0] AndroidManifest.xml:20:5-22:41
MERGED from [androidx.autofill:autofill:1.0.0] AndroidManifest.xml:20:5-22:41
MERGED from [androidx.graphics:graphics-path:1.0.1] AndroidManifest.xml:5:5-44
MERGED from [androidx.graphics:graphics-path:1.0.1] AndroidManifest.xml:5:5-44
MERGED from [androidx.appcompat:appcompat-resources:1.6.1] AndroidManifest.xml:20:5-44
MERGED from [androidx.appcompat:appcompat-resources:1.6.1] AndroidManifest.xml:20:5-44
MERGED from [androidx.viewpager:viewpager:1.0.0] AndroidManifest.xml:20:5-44
MERGED from [androidx.viewpager:viewpager:1.0.0] AndroidManifest.xml:20:5-44
MERGED from [androidx.vectordrawable:vectordrawable-animated:1.1.0] AndroidManifest.xml:20:5-22:41
MERGED from [androidx.vectordrawable:vectordrawable-animated:1.1.0] AndroidManifest.xml:20:5-22:41
MERGED from [androidx.vectordrawable:vectordrawable:1.1.0] AndroidManifest.xml:20:5-22:41
MERGED from [androidx.vectordrawable:vectordrawable:1.1.0] AndroidManifest.xml:20:5-22:41
MERGED from [androidx.customview:customview:1.0.0] AndroidManifest.xml:20:5-44
MERGED from [androidx.customview:customview:1.0.0] AndroidManifest.xml:20:5-44
MERGED from [androidx.core:core:1.13.1] AndroidManifest.xml:20:5-44
MERGED from [androidx.core:core:1.13.1] AndroidManifest.xml:20:5-44
MERGED from [androidx.customview:customview-poolingcontainer:1.0.0] AndroidManifest.xml:20:5-21:38
MERGED from [androidx.customview:customview-poolingcontainer:1.0.0] AndroidManifest.xml:20:5-21:38
MERGED from [androidx.core:core-ktx:1.13.1] AndroidManifest.xml:5:5-44
MERGED from [androidx.core:core-ktx:1.13.1] AndroidManifest.xml:5:5-44
MERGED from [androidx.room:room-runtime:2.6.1] AndroidManifest.xml:21:5-44
MERGED from [androidx.room:room-runtime:2.6.1] AndroidManifest.xml:21:5-44
MERGED from [androidx.room:room-ktx:2.6.1] AndroidManifest.xml:20:5-44
MERGED from [androidx.room:room-ktx:2.6.1] AndroidManifest.xml:20:5-44
MERGED from [androidx.datastore:datastore-core-android:1.1.1] AndroidManifest.xml:5:5-44
MERGED from [androidx.datastore:datastore-core-android:1.1.1] AndroidManifest.xml:5:5-44
MERGED from [androidx.datastore:datastore-android:1.1.1] AndroidManifest.xml:20:5-44
MERGED from [androidx.datastore:datastore-android:1.1.1] AndroidManifest.xml:20:5-44
MERGED from [androidx.datastore:datastore-preferences-android:1.1.1] AndroidManifest.xml:20:5-44
MERGED from [androidx.datastore:datastore-preferences-android:1.1.1] AndroidManifest.xml:20:5-44
MERGED from [com.russhwolf:multiplatform-settings-coroutines-android-debug:1.1.1] AndroidManifest.xml:5:5-44
MERGED from [com.russhwolf:multiplatform-settings-coroutines-android-debug:1.1.1] AndroidManifest.xml:5:5-44
MERGED from [androidx.compose.runtime:runtime-saveable-android:1.7.4] AndroidManifest.xml:5:5-44
MERGED from [androidx.compose.runtime:runtime-saveable-android:1.7.4] AndroidManifest.xml:5:5-44
MERGED from [androidx.compose.runtime:runtime-android:1.7.4] AndroidManifest.xml:5:5-44
MERGED from [androidx.compose.runtime:runtime-android:1.7.4] AndroidManifest.xml:5:5-44
MERGED from [androidx.sqlite:sqlite-framework:2.4.0] AndroidManifest.xml:20:5-44
MERGED from [androidx.sqlite:sqlite-framework:2.4.0] AndroidManifest.xml:20:5-44
MERGED from [androidx.sqlite:sqlite:2.4.0] AndroidManifest.xml:20:5-44
MERGED from [androidx.sqlite:sqlite:2.4.0] AndroidManifest.xml:20:5-44
MERGED from [androidx.annotation:annotation-experimental:1.4.1] AndroidManifest.xml:5:5-44
MERGED from [androidx.annotation:annotation-experimental:1.4.1] AndroidManifest.xml:5:5-44
MERGED from [com.russhwolf:multiplatform-settings-no-arg-android-debug:1.1.1] AndroidManifest.xml:21:5-44
MERGED from [com.russhwolf:multiplatform-settings-no-arg-android-debug:1.1.1] AndroidManifest.xml:21:5-44
MERGED from [com.soywiz.korlibs.krypto:krypto-android:4.0.10] AndroidManifest.xml:5:5-7:41
MERGED from [com.soywiz.korlibs.krypto:krypto-android:4.0.10] AndroidManifest.xml:5:5-7:41
MERGED from [androidx.versionedparcelable:versionedparcelable:1.1.1] AndroidManifest.xml:20:5-22:41
MERGED from [androidx.versionedparcelable:versionedparcelable:1.1.1] AndroidManifest.xml:20:5-22:41
MERGED from [com.github.PhilJay:MPAndroidChart:v3.1.0] AndroidManifest.xml:16:5-18:41
MERGED from [com.github.PhilJay:MPAndroidChart:v3.1.0] AndroidManifest.xml:16:5-18:41
MERGED from [androidx.arch.core:core-runtime:2.2.0] AndroidManifest.xml:20:5-44
MERGED from [androidx.arch.core:core-runtime:2.2.0] AndroidManifest.xml:20:5-44
MERGED from [androidx.interpolator:interpolator:1.0.0] AndroidManifest.xml:20:5-44
MERGED from [androidx.interpolator:interpolator:1.0.0] AndroidManifest.xml:20:5-44
MERGED from [androidx.profileinstaller:profileinstaller:1.3.1] AndroidManifest.xml:21:5-44
MERGED from [androidx.profileinstaller:profileinstaller:1.3.1] AndroidManifest.xml:21:5-44
MERGED from [androidx.startup:startup-runtime:1.1.1] AndroidManifest.xml:21:5-23:41
MERGED from [androidx.startup:startup-runtime:1.1.1] AndroidManifest.xml:21:5-23:41
MERGED from [androidx.tracing:tracing:1.0.0] AndroidManifest.xml:20:5-22:41
MERGED from [androidx.tracing:tracing:1.0.0] AndroidManifest.xml:20:5-22:41
MERGED from [androidx.exifinterface:exifinterface:1.3.7] AndroidManifest.xml:20:5-22:41
MERGED from [androidx.exifinterface:exifinterface:1.3.7] AndroidManifest.xml:20:5-22:41
MERGED from [co.touchlab:kermit-android-debug:2.0.4] AndroidManifest.xml:5:5-44
MERGED from [co.touchlab:kermit-android-debug:2.0.4] AndroidManifest.xml:5:5-44
MERGED from [com.russhwolf:multiplatform-settings-android-debug:1.1.1] AndroidManifest.xml:5:5-44
MERGED from [com.russhwolf:multiplatform-settings-android-debug:1.1.1] AndroidManifest.xml:5:5-44
MERGED from [co.touchlab:kermit-core-android-debug:2.0.4] AndroidManifest.xml:5:5-44
MERGED from [co.touchlab:kermit-core-android-debug:2.0.4] AndroidManifest.xml:5:5-44
MERGED from [com.google.dagger:dagger-lint-aar:2.49] AndroidManifest.xml:18:3-42
MERGED from [com.google.dagger:dagger-lint-aar:2.49] AndroidManifest.xml:18:3-42
	android:targetSdkVersion
		INJECTED from src\main\AndroidManifest.xml
	android:minSdkVersion
		INJECTED from src\main\AndroidManifest.xml
activity#androidx.compose.ui.tooling.PreviewActivity
ADDED from [androidx.compose.ui:ui-tooling-android:1.7.4] AndroidManifest.xml:23:9-25:39
	android:exported
		ADDED from [androidx.compose.ui:ui-tooling-android:1.7.4] AndroidManifest.xml:25:13-36
	android:name